生成启动时间为 2016/4/21 13:48:21。
     1>项目“C:\Users\panzer\documents\visual studio 2013\Projects\tabu\tabu\tabu.vcxproj”在节点 2 上(Build 个目标)。
     1>ClCompile:
         D:\软件\visualstudio\VC\bin\CL.exe /c /ZI /nologo /W3 /WX- /sdl /Od /Oy- /D WIN32 /D _DEBUG /D _CONSOLE /D _LIB /D _SCL_SECURE_NO_WARNINGS /D _UNICODE /D UNICODE /Gm /EHsc /RTC1 /MDd /GS /fp:precise /Zc:wchar_t /Zc:forScope /Fo"Debug\\" /Fd"Debug\vc120.pdb" /Gd /TP /analyze- /errorReport:prompt main.cpp
         main.cpp
     1>c:\users\panzer\documents\visual studio 2013\projects\tabu\tabu\main.cpp(297): warning C4018: “<”: 有符号/无符号不匹配
     1>c:\users\panzer\documents\visual studio 2013\projects\tabu\tabu\main.cpp(779): warning C4018: “<”: 有符号/无符号不匹配
     1>c:\users\panzer\documents\visual studio 2013\projects\tabu\tabu\main.cpp(793): warning C4018: “<”: 有符号/无符号不匹配
     1>c:\users\panzer\documents\visual studio 2013\projects\tabu\tabu\main.cpp(962): warning C4018: “<”: 有符号/无符号不匹配
     1>c:\users\panzer\documents\visual studio 2013\projects\tabu\tabu\main.cpp(986): warning C4018: “<”: 有符号/无符号不匹配
     1>c:\users\panzer\documents\visual studio 2013\projects\tabu\tabu\main.cpp(25): warning C4018: “<”: 有符号/无符号不匹配
                 c:\users\panzer\documents\visual studio 2013\projects\tabu\tabu\main.cpp(563): 参见对正在编译的函数 模板 实例化“int tindexof<int>(std::vector<int,std::allocator<_Ty>>,T)”的引用
                 with
                 [
                     _Ty=int
         ,            T=int
                 ]
     1>c:\users\panzer\documents\visual studio 2013\projects\tabu\tabu\main.cpp(975): warning C4715: “tabu::tsolve”: 不是所有的控件路径都返回值
       Link:
         D:\软件\visualstudio\VC\bin\link.exe /ERRORREPORT:PROMPT /OUT:"C:\Users\panzer\documents\visual studio 2013\Projects\tabu\Debug\tabu.exe" /INCREMENTAL /NOLOGO kernel32.lib user32.lib gdi32.lib winspool.lib comdlg32.lib advapi32.lib shell32.lib ole32.lib oleaut32.lib uuid.lib odbc32.lib odbccp32.lib /MANIFEST /MANIFESTUAC:"level='asInvoker' uiAccess='false'" /manifest:embed /DEBUG /PDB:"C:\Users\panzer\documents\visual studio 2013\Projects\tabu\Debug\tabu.pdb" /SUBSYSTEM:CONSOLE /TLBID:1 /DYNAMICBASE /NXCOMPAT /IMPLIB:"C:\Users\panzer\documents\visual studio 2013\Projects\tabu\Debug\tabu.lib" /MACHINE:X86 Debug\main.obj
         tabu.vcxproj -> C:\Users\panzer\documents\visual studio 2013\Projects\tabu\Debug\tabu.exe
     1>已完成生成项目“C:\Users\panzer\documents\visual studio 2013\Projects\tabu\tabu\tabu.vcxproj”(Build 个目标)的操作。

生成成功。

已用时间 00:00:01.16
