c:\users\panzer\documents\visual studio 2013\projects\tabu\tabu\release\vc120.pdb
c:\users\panzer\documents\visual studio 2013\projects\tabu\tabu\release\main.nativecodeanalysis.xml
c:\users\panzer\documents\visual studio 2013\projects\tabu\tabu\release\main.obj
c:\users\panzer\appdata\locallow\sogoupy\components\componentconfig.ini
c:\users\panzer\appdata\locallow\sogoupy\verify.ini
c:\users\panzer\documents\visual studio 2013\projects\tabu\release\tabu.exe
c:\users\panzer\documents\visual studio 2013\projects\tabu\release\tabu.pdb
c:\users\panzer\documents\visual studio 2013\projects\tabu\tabu\release\nativecodeanalysis.read.1.tlog
c:\users\panzer\documents\visual studio 2013\projects\tabu\tabu\release\vc.nativecodeanalysis.all.xml
c:\users\panzer\documents\visual studio 2013\projects\tabu\release\tabu.exe.lastcodeanalysissucceeded
c:\users\panzer\documents\visual studio 2013\projects\tabu\tabu\release\tabu.tlog\cl.command.1.tlog
c:\users\panzer\documents\visual studio 2013\projects\tabu\tabu\release\tabu.tlog\cl.read.1.tlog
c:\users\panzer\documents\visual studio 2013\projects\tabu\tabu\release\tabu.tlog\cl.read.3.tlog
c:\users\panzer\documents\visual studio 2013\projects\tabu\tabu\release\tabu.tlog\cl.read.8.tlog
c:\users\panzer\documents\visual studio 2013\projects\tabu\tabu\release\tabu.tlog\cl.write.1.tlog
c:\users\panzer\documents\visual studio 2013\projects\tabu\tabu\release\tabu.tlog\cl.write.3.tlog
c:\users\panzer\documents\visual studio 2013\projects\tabu\tabu\release\tabu.tlog\cl.write.8.tlog
c:\users\panzer\documents\visual studio 2013\projects\tabu\tabu\release\tabu.tlog\link.command.1.tlog
c:\users\panzer\documents\visual studio 2013\projects\tabu\tabu\release\tabu.tlog\link.read.1.tlog
c:\users\panzer\documents\visual studio 2013\projects\tabu\tabu\release\tabu.tlog\link.write.1.tlog
